ERROR: LoadError: cannot document the following expression:

using Comonicon, HTTP, JSON3

Stacktrace:
 [1] error(::String, ::String)
   @ Base ./error.jl:44
 [2] top-level scope
   @ ~/.julia/dev/jaurs/src/jaurs.jl:3
 [3] include
   @ ./Base.jl:419 [inlined]
 [4] include_package_for_output(pkg::Base.PkgId, input::String, depot_path::Vector{String}, dl_load_path::Vector{String}, load_path::Vector{String}, concrete_deps::Vector{Pair{Base.PkgId, UInt64}}, source::String)
   @ Base ./loading.jl:1554
 [5] top-level scope
   @ stdin:1
in expression starting at /home/datguy/.julia/dev/jaurs/src/jaurs.jl:1
in expression starting at stdin:1
ERROR: LoadError: Failed to precompile jaurs [30e2e718-baf5-4945-b1b1-35179839142b] to /home/datguy/.julia/compiled/v1.8/jaurs/jl_GnOKma.
Stacktrace:
  [1] error(s::String)
    @ Base ./error.jl:35
  [2] compilecache(pkg::Base.PkgId, path::String, internal_stderr::IO, internal_stdout::IO, keep_loaded_modules::Bool)
    @ Base ./loading.jl:1707
  [3] compilecache
    @ ./loading.jl:1651 [inlined]
  [4] _require(pkg::Base.PkgId)
    @ Base ./loading.jl:1337
  [5] _require_prelocked(uuidkey::Base.PkgId)
    @ Base ./loading.jl:1200
  [6] macro expansion
    @ ./loading.jl:1180 [inlined]
  [7] macro expansion
    @ ./lock.jl:223 [inlined]
  [8] require(into::Module, mod::Symbol)
    @ Base ./loading.jl:1144
  [9] include(fname::String)
    @ Base.MainInclude ./client.jl:476
 [10] top-level scope
    @ none:5
in expression starting at /home/datguy/.julia/dev/jaurs/deps/build.jl:1
